<?xml version="1.0" encoding="UTF-8"?>
<!-- Generated by org.testng.reporters.JUnitReportReporter -->
<testsuite hostname="PG02TPD6" failures="0" tests="2" name="testNGPractice.CreateOrgWithIndustryTest" time="0.632" errors="1" timestamp="2023-09-11T14:45:42 IST" skipped="1">
  <testcase classname="testNGPractice.CreateOrgWithIndustryTest" name="bcConfig" time="0.632">
    <error message="Unable to obtain: Capabilities {browserName: MicrosoftEdge, ms:edgeOptions: {args: [--remote-allow-origins=*], extensions: []}}" type="org.openqa.selenium.remote.NoSuchDriverException">
      <![CDATA[org.openqa.selenium.remote.NoSuchDriverException: Unable to obtain: Capabilities {browserName: MicrosoftEdge, ms:edgeOptions: {args: [--remote-allow-origins=*], extensions: []}}
at org.openqa.selenium.remote.service.DriverFinder.getPath(DriverFinder.java:29)
at org.openqa.selenium.edge.EdgeDriver.generateExecutor(EdgeDriver.java:70)
at org.openqa.selenium.edge.EdgeDriver.<init>(EdgeDriver.java:59)
at org.openqa.selenium.edge.EdgeDriver.<init>(EdgeDriver.java:55)
at org.openqa.selenium.edge.EdgeDriver.<init>(EdgeDriver.java:47)
at org.openqa.selenium.edge.EdgeDriver.<init>(EdgeDriver.java:43)
at Vtiger.GenericUtilities.BaseClass.bcConfig(BaseClass.java:56)
at java.base/jdk.internal.reflect.DirectMethodHandleAccessor.invoke(DirectMethodHandleAccessor.java:104)
at java.base/java.lang.reflect.Method.invoke(Method.java:577)
at org.testng.internal.MethodInvocationHelper.invokeMethod(MethodInvocationHelper.java:133)
at org.testng.internal.MethodInvocationHelper.invokeMethodConsideringTimeout(MethodInvocationHelper.java:62)
at org.testng.internal.ConfigInvoker.invokeConfigurationMethod(ConfigInvoker.java:385)
at org.testng.internal.ConfigInvoker.invokeConfigurations(ConfigInvoker.java:321)
at org.testng.internal.TestMethodWorker.invokeBeforeClassMethods(TestMethodWorker.java:176)
at org.testng.internal.TestMethodWorker.run(TestMethodWorker.java:122)
at java.base/java.util.ArrayList.forEach(ArrayList.java:1511)
at org.testng.TestRunner.privateRun(TestRunner.java:794)
at org.testng.TestRunner.run(TestRunner.java:596)
at org.testng.SuiteRunner.runTest(SuiteRunner.java:377)
at org.testng.SuiteRunner.runSequentially(SuiteRunner.java:371)
at org.testng.SuiteRunner.privateRun(SuiteRunner.java:332)
at org.testng.SuiteRunner.run(SuiteRunner.java:276)
at org.testng.SuiteRunnerWorker.runSuite(SuiteRunnerWorker.java:53)
at org.testng.SuiteRunnerWorker.run(SuiteRunnerWorker.java:96)
at org.testng.TestNG.runSuitesSequentially(TestNG.java:1212)
at org.testng.TestNG.runSuitesLocally(TestNG.java:1134)
at org.testng.TestNG.runSuites(TestNG.java:1063)
at org.testng.TestNG.run(TestNG.java:1031)
at org.testng.remote.AbstractRemoteTestNG.run(AbstractRemoteTestNG.java:115)
at org.testng.remote.RemoteTestNG.initAndRun(RemoteTestNG.java:251)
at org.testng.remote.RemoteTestNG.main(RemoteTestNG.java:77)
Caused by: org.openqa.selenium.WebDriverException: Unsuccessful command executed: [C:\Users\ADMIN\AppData\Local\Temp\selenium-manager5957846326719007163887661158590369\selenium-manager.exe, --browser, MicrosoftEdge, --output, json]
error sending request for url (https://msedgedriver.azureedge.net/LATEST_RELEASE_116_WINDOWS): error trying to connect: dns error: No such host is known. (os error 11001)
Build info: version: '4.10.0', revision: 'c14d967899'
System info: os.name: 'Windows 11', os.arch: 'amd64', os.version: '10.0', java.version: '18.0.1.1'
Driver info: driver.version: EdgeDriver
at org.openqa.selenium.manager.SeleniumManager.runCommand(SeleniumManager.java:130)
at org.openqa.selenium.manager.SeleniumManager.getDriverPath(SeleniumManager.java:251)
at org.openqa.selenium.remote.service.DriverFinder.getPath(DriverFinder.java:27)
... 30 more
]]>
    </error>
  </testcase> <!-- bcConfig -->
  <system-out/>
  <testcase classname="testNGPractice.CreateOrgWithIndustryTest" name="CreateOrgWithIndustryTest" time="0.000">
    <skipped/>
  </testcase> <!-- CreateOrgWithIndustryTest -->
  <system-out/>
</testsuite> <!-- testNGPractice.CreateOrgWithIndustryTest -->
