<?xml version="1.0" encoding="UTF-8"?>
<!-- Generated by org.testng.reporters.JUnitReportReporter -->
<testsuite hostname="PG02TPD6" failures="0" tests="3" name="testNGPractice.testNGpractice" time="0.018" errors="0" timestamp="2023-08-22T14:53:54 IST" skipped="0">
  <testcase classname="testNGPractice.testNGpractice" name="test" time="0.003"/>
  <system-out/>
  <testcase classname="testNGPractice.testNGpractice" name="testngpractice" time="0.014"/>
  <system-out/>
  <testcase classname="testNGPractice.testNGpractice" name="name" time="0.001"/>
  <system-out/>
</testsuite> <!-- testNGPractice.testNGpractice -->
